
==================================================
CLIENT ACCESS LOG - /
==================================================
Timestamp: 2025-12-04T16:03:24.661862
IP Address: 127.0.0.1
User Agent: Mozilla/5.0 (X11; Linux x86_64; rv:145.0) Gecko/20100101 Firefox/145.0
Referer: None
Method: GET
Full Path: /?

All Headers:
  Host: e0a1ae05969a.ngrok-free.app
  User-Agent: Mozilla/5.0 (X11; Linux x86_64; rv:145.0) Gecko/20100101 Firefox/145.0
  Accept: text/html,application/xhtml+xml,application/xml;q=0.9,*/*;q=0.8
  Accept-Encoding: gzip, deflate, br, zstd
  Accept-Language: en-US,en;q=0.5
  Cookie: abuse_interstitial=e0a1ae05969a.ngrok-free.app
  Priority: u=0, i
  Sec-Fetch-Dest: document
  Sec-Fetch-Mode: navigate
  Sec-Fetch-Site: none
  Sec-Fetch-User: ?1
  Sec-Gpc: 1
  Te: trailers
  Upgrade-Insecure-Requests: 1
  X-Forwarded-For: 163.5.3.68
  X-Forwarded-Host: e0a1ae05969a.ngrok-free.app
  X-Forwarded-Proto: https
==================================================

==================================================
CLIENT ACCESS LOG - /image
==================================================
Timestamp: 2025-12-04T16:03:24.790133
IP Address: 127.0.0.1
User Agent: Mozilla/5.0 (X11; Linux x86_64; rv:145.0) Gecko/20100101 Firefox/145.0
Referer: https://e0a1ae05969a.ngrok-free.app/
Method: GET
Full Path: /image?

All Headers:
  Host: e0a1ae05969a.ngrok-free.app
  User-Agent: Mozilla/5.0 (X11; Linux x86_64; rv:145.0) Gecko/20100101 Firefox/145.0
  Accept: image/avif,image/webp,image/png,image/svg+xml,image/*;q=0.8,*/*;q=0.5
  Accept-Encoding: gzip, deflate, br, zstd
  Accept-Language: en-US,en;q=0.5
  Cookie: abuse_interstitial=e0a1ae05969a.ngrok-free.app
  If-Modified-Since: Thu, 04 Dec 2025 14:21:18 GMT
  If-None-Match: "1764858078.440504-3990-834213987"
  Priority: u=5
  Referer: https://e0a1ae05969a.ngrok-free.app/
  Sec-Fetch-Dest: image
  Sec-Fetch-Mode: no-cors
  Sec-Fetch-Site: same-origin
  Sec-Gpc: 1
  Te: trailers
  X-Forwarded-For: 163.5.3.68
  X-Forwarded-Host: e0a1ae05969a.ngrok-free.app
  X-Forwarded-Proto: https
==================================================

==================================================
CLIENT ACCESS LOG - /
==================================================
Timestamp: 2025-12-04T16:07:06.866806
IP Address: 127.0.0.1
User Agent: Mozilla/5.0 (X11; Linux x86_64; rv:145.0) Gecko/20100101 Firefox/145.0
Referer: None
Method: GET
Full Path: /?

All Headers:
  Host: e0a1ae05969a.ngrok-free.app
  User-Agent: Mozilla/5.0 (X11; Linux x86_64; rv:145.0) Gecko/20100101 Firefox/145.0
  Accept: text/html,application/xhtml+xml,application/xml;q=0.9,*/*;q=0.8
  Accept-Encoding: gzip, deflate, br, zstd
  Accept-Language: en-US,en;q=0.5
  Cookie: abuse_interstitial=e0a1ae05969a.ngrok-free.app
  Priority: u=0, i
  Sec-Fetch-Dest: document
  Sec-Fetch-Mode: navigate
  Sec-Fetch-Site: none
  Sec-Fetch-User: ?1
  Sec-Gpc: 1
  Te: trailers
  Upgrade-Insecure-Requests: 1
  X-Forwarded-For: 163.5.3.68
  X-Forwarded-Host: e0a1ae05969a.ngrok-free.app
  X-Forwarded-Proto: https
==================================================

==================================================
CLIENT ACCESS LOG - /image
==================================================
Timestamp: 2025-12-04T16:07:06.948642
IP Address: 127.0.0.1
User Agent: Mozilla/5.0 (X11; Linux x86_64; rv:145.0) Gecko/20100101 Firefox/145.0
Referer: https://e0a1ae05969a.ngrok-free.app/
Method: GET
Full Path: /image?

All Headers:
  Host: e0a1ae05969a.ngrok-free.app
  User-Agent: Mozilla/5.0 (X11; Linux x86_64; rv:145.0) Gecko/20100101 Firefox/145.0
  Accept: image/avif,image/webp,image/png,image/svg+xml,image/*;q=0.8,*/*;q=0.5
  Accept-Encoding: gzip, deflate, br, zstd
  Accept-Language: en-US,en;q=0.5
  Cookie: abuse_interstitial=e0a1ae05969a.ngrok-free.app
  If-Modified-Since: Thu, 04 Dec 2025 14:21:18 GMT
  If-None-Match: "1764858078.440504-3990-834213987"
  Priority: u=5
  Referer: https://e0a1ae05969a.ngrok-free.app/
  Sec-Fetch-Dest: image
  Sec-Fetch-Mode: no-cors
  Sec-Fetch-Site: same-origin
  Sec-Gpc: 1
  Te: trailers
  X-Forwarded-For: 163.5.3.68
  X-Forwarded-Host: e0a1ae05969a.ngrok-free.app
  X-Forwarded-Proto: https
==================================================

==================================================
CLIENT ACCESS LOG - /
==================================================
Timestamp: 2025-12-04T16:07:07.800509
IP Address: 127.0.0.1
User Agent: Mozilla/5.0 (X11; Linux x86_64; rv:145.0) Gecko/20100101 Firefox/145.0
Referer: None
Method: GET
Full Path: /?

All Headers:
  Host: e0a1ae05969a.ngrok-free.app
  User-Agent: Mozilla/5.0 (X11; Linux x86_64; rv:145.0) Gecko/20100101 Firefox/145.0
  Accept: text/html,application/xhtml+xml,application/xml;q=0.9,*/*;q=0.8
  Accept-Encoding: gzip, deflate, br, zstd
  Accept-Language: en-US,en;q=0.5
  Cookie: abuse_interstitial=e0a1ae05969a.ngrok-free.app
  Priority: u=0, i
  Sec-Fetch-Dest: document
  Sec-Fetch-Mode: navigate
  Sec-Fetch-Site: none
  Sec-Fetch-User: ?1
  Sec-Gpc: 1
  Te: trailers
  Upgrade-Insecure-Requests: 1
  X-Forwarded-For: 163.5.3.68
  X-Forwarded-Host: e0a1ae05969a.ngrok-free.app
  X-Forwarded-Proto: https
==================================================

==================================================
CLIENT ACCESS LOG - /image
==================================================
Timestamp: 2025-12-04T16:07:07.882220
IP Address: 127.0.0.1
User Agent: Mozilla/5.0 (X11; Linux x86_64; rv:145.0) Gecko/20100101 Firefox/145.0
Referer: https://e0a1ae05969a.ngrok-free.app/
Method: GET
Full Path: /image?

All Headers:
  Host: e0a1ae05969a.ngrok-free.app
  User-Agent: Mozilla/5.0 (X11; Linux x86_64; rv:145.0) Gecko/20100101 Firefox/145.0
  Accept: image/avif,image/webp,image/png,image/svg+xml,image/*;q=0.8,*/*;q=0.5
  Accept-Encoding: gzip, deflate, br, zstd
  Accept-Language: en-US,en;q=0.5
  Cookie: abuse_interstitial=e0a1ae05969a.ngrok-free.app
  If-Modified-Since: Thu, 04 Dec 2025 14:21:18 GMT
  If-None-Match: "1764858078.440504-3990-834213987"
  Priority: u=5
  Referer: https://e0a1ae05969a.ngrok-free.app/
  Sec-Fetch-Dest: image
  Sec-Fetch-Mode: no-cors
  Sec-Fetch-Site: same-origin
  Sec-Gpc: 1
  Te: trailers
  X-Forwarded-For: 163.5.3.68
  X-Forwarded-Host: e0a1ae05969a.ngrok-free.app
  X-Forwarded-Proto: https
==================================================

==================================================
CLIENT ACCESS LOG - /
==================================================
Timestamp: 2025-12-04T16:07:21.060844
IP Address: 127.0.0.1
User Agent: Mozilla/5.0 (X11; Linux x86_64; rv:145.0) Gecko/20100101 Firefox/145.0
Referer: None
Method: GET
Full Path: /?

All Headers:
  Host: e0a1ae05969a.ngrok-free.app
  User-Agent: Mozilla/5.0 (X11; Linux x86_64; rv:145.0) Gecko/20100101 Firefox/145.0
  Accept: text/html,application/xhtml+xml,application/xml;q=0.9,*/*;q=0.8
  Accept-Encoding: gzip, deflate, br, zstd
  Accept-Language: en-US,en;q=0.5
  Cookie: abuse_interstitial=e0a1ae05969a.ngrok-free.app
  Priority: u=0, i
  Sec-Fetch-Dest: document
  Sec-Fetch-Mode: navigate
  Sec-Fetch-Site: none
  Sec-Fetch-User: ?1
  Sec-Gpc: 1
  Te: trailers
  Upgrade-Insecure-Requests: 1
  X-Forwarded-For: 163.5.3.68
  X-Forwarded-Host: e0a1ae05969a.ngrok-free.app
  X-Forwarded-Proto: https
==================================================

==================================================
CLIENT ACCESS LOG - /image
==================================================
Timestamp: 2025-12-04T16:07:21.135806
IP Address: 127.0.0.1
User Agent: Mozilla/5.0 (X11; Linux x86_64; rv:145.0) Gecko/20100101 Firefox/145.0
Referer: https://e0a1ae05969a.ngrok-free.app/
Method: GET
Full Path: /image?

All Headers:
  Host: e0a1ae05969a.ngrok-free.app
  User-Agent: Mozilla/5.0 (X11; Linux x86_64; rv:145.0) Gecko/20100101 Firefox/145.0
  Accept: image/avif,image/webp,image/png,image/svg+xml,image/*;q=0.8,*/*;q=0.5
  Accept-Encoding: gzip, deflate, br, zstd
  Accept-Language: en-US,en;q=0.5
  Cookie: abuse_interstitial=e0a1ae05969a.ngrok-free.app
  If-Modified-Since: Thu, 04 Dec 2025 14:21:18 GMT
  If-None-Match: "1764858078.440504-3990-834213987"
  Priority: u=5
  Referer: https://e0a1ae05969a.ngrok-free.app/
  Sec-Fetch-Dest: image
  Sec-Fetch-Mode: no-cors
  Sec-Fetch-Site: same-origin
  Sec-Gpc: 1
  Te: trailers
  X-Forwarded-For: 163.5.3.68
  X-Forwarded-Host: e0a1ae05969a.ngrok-free.app
  X-Forwarded-Proto: https
==================================================

==================================================
CLIENT ACCESS LOG - /
==================================================
Timestamp: 2025-12-04T16:07:25.327507
IP Address: 127.0.0.1
User Agent: Mozilla/5.0 (X11; Linux x86_64; rv:145.0) Gecko/20100101 Firefox/145.0
Referer: None
Method: GET
Full Path: /?

All Headers:
  Host: e0a1ae05969a.ngrok-free.app
  User-Agent: Mozilla/5.0 (X11; Linux x86_64; rv:145.0) Gecko/20100101 Firefox/145.0
  Accept: text/html,application/xhtml+xml,application/xml;q=0.9,*/*;q=0.8
  Accept-Encoding: gzip, deflate, br, zstd
  Accept-Language: en-US,en;q=0.5
  Cookie: abuse_interstitial=e0a1ae05969a.ngrok-free.app
  Priority: u=0, i
  Sec-Fetch-Dest: document
  Sec-Fetch-Mode: navigate
  Sec-Fetch-Site: none
  Sec-Fetch-User: ?1
  Sec-Gpc: 1
  Te: trailers
  Upgrade-Insecure-Requests: 1
  X-Forwarded-For: 163.5.3.68
  X-Forwarded-Host: e0a1ae05969a.ngrok-free.app
  X-Forwarded-Proto: https
==================================================

==================================================
CLIENT ACCESS LOG - /image
==================================================
Timestamp: 2025-12-04T16:07:25.410715
IP Address: 127.0.0.1
User Agent: Mozilla/5.0 (X11; Linux x86_64; rv:145.0) Gecko/20100101 Firefox/145.0
Referer: https://e0a1ae05969a.ngrok-free.app/
Method: GET
Full Path: /image?

All Headers:
  Host: e0a1ae05969a.ngrok-free.app
  User-Agent: Mozilla/5.0 (X11; Linux x86_64; rv:145.0) Gecko/20100101 Firefox/145.0
  Accept: image/avif,image/webp,image/png,image/svg+xml,image/*;q=0.8,*/*;q=0.5
  Accept-Encoding: gzip, deflate, br, zstd
  Accept-Language: en-US,en;q=0.5
  Cookie: abuse_interstitial=e0a1ae05969a.ngrok-free.app
  Priority: u=4, i
  Referer: https://e0a1ae05969a.ngrok-free.app/
  Sec-Fetch-Dest: image
  Sec-Fetch-Mode: no-cors
  Sec-Fetch-Site: same-origin
  Sec-Gpc: 1
  Te: trailers
  X-Forwarded-For: 163.5.3.68
  X-Forwarded-Host: e0a1ae05969a.ngrok-free.app
  X-Forwarded-Proto: https
==================================================

==================================================
CLIENT ACCESS LOG - /
==================================================
Timestamp: 2025-12-04T16:13:44.311356
IP Address: 127.0.0.1
User Agent: Mozilla/5.0 (X11; Linux x86_64; rv:145.0) Gecko/20100101 Firefox/145.0
Referer: None
Method: GET
Full Path: /?

All Headers:
  Host: 736f3ebf932a.ngrok-free.app
  User-Agent: Mozilla/5.0 (X11; Linux x86_64; rv:145.0) Gecko/20100101 Firefox/145.0
  Accept: text/html,application/xhtml+xml,application/xml;q=0.9,*/*;q=0.8
  Accept-Encoding: gzip, deflate, br, zstd
  Accept-Language: en-US,en;q=0.5
  Cookie: abuse_interstitial=736f3ebf932a.ngrok-free.app
  Priority: u=0, i
  Sec-Fetch-Dest: document
  Sec-Fetch-Mode: navigate
  Sec-Fetch-Site: none
  Sec-Fetch-User: ?1
  Sec-Gpc: 1
  Te: trailers
  Upgrade-Insecure-Requests: 1
  X-Forwarded-For: 163.5.3.68
  X-Forwarded-Host: 736f3ebf932a.ngrok-free.app
  X-Forwarded-Proto: https
==================================================

==================================================
CLIENT ACCESS LOG - /image
==================================================
Timestamp: 2025-12-04T16:13:44.404413
IP Address: 127.0.0.1
User Agent: Mozilla/5.0 (X11; Linux x86_64; rv:145.0) Gecko/20100101 Firefox/145.0
Referer: https://736f3ebf932a.ngrok-free.app/
Method: GET
Full Path: /image?

All Headers:
  Host: 736f3ebf932a.ngrok-free.app
  User-Agent: Mozilla/5.0 (X11; Linux x86_64; rv:145.0) Gecko/20100101 Firefox/145.0
  Accept: image/avif,image/webp,image/png,image/svg+xml,image/*;q=0.8,*/*;q=0.5
  Accept-Encoding: gzip, deflate, br, zstd
  Accept-Language: en-US,en;q=0.5
  Cookie: abuse_interstitial=736f3ebf932a.ngrok-free.app
  Priority: u=4, i
  Referer: https://736f3ebf932a.ngrok-free.app/
  Sec-Fetch-Dest: image
  Sec-Fetch-Mode: no-cors
  Sec-Fetch-Site: same-origin
  Sec-Gpc: 1
  Te: trailers
  X-Forwarded-For: 163.5.3.68
  X-Forwarded-Host: 736f3ebf932a.ngrok-free.app
  X-Forwarded-Proto: https
==================================================

==================================================
CLIENT ACCESS LOG - /
==================================================
Timestamp: 2025-12-04T16:14:40.616077
IP Address: 127.0.0.1
User Agent: Mozilla/5.0 (X11; Linux x86_64; rv:145.0) Gecko/20100101 Firefox/145.0
Referer: None
Method: GET
Full Path: /?

All Headers:
  Host: localhost:5000
  User-Agent: Mozilla/5.0 (X11; Linux x86_64; rv:145.0) Gecko/20100101 Firefox/145.0
  Accept: text/html,application/xhtml+xml,application/xml;q=0.9,*/*;q=0.8
  Accept-Language: en-US,en;q=0.5
  Accept-Encoding: gzip, deflate, br, zstd
  Sec-Gpc: 1
  Connection: keep-alive
  Cookie: __stripe_mid=cf4e9cc3-b616-43f4-8fa5-f21af61999d035b4b6; apt.uid=AP-YFGMCGUNNIFB-2-1743429423715-24578262.0.2.6b933aba-006b-4c12-b4b5-a0ddc2adfcf4; admin_auth=eyJpdiI6IklidEwxditpMGRsSWVjK2dkM3haZ0E9PSIsInZhbHVlIjoieTJ2SHFxY1BwYVUxZnF5Tzhib0M2cFRrbWVBdkNUWFBGc3VzUFBPMDB3ZzA4K01sSmx0cm1rUUNaYjhMRUplbTFhcFpWcjVzUFUzcWtJckN0Wm1YcHByQVVmaFRkb2lNdmF3UVplRFdIbEpmcWxuUjlCRTJyd3lhZUNHUjNaZXIiLCJtYWMiOiIxNTVhMjg2NWJlZmMyODI1ZDAwMmRmMTliNjkwMjg3MWY2Yzc0YTYzMWQxMWMzZmY0Y2Q2ZGYxZDU5MDIwODkxIn0%3D
  Upgrade-Insecure-Requests: 1
  Sec-Fetch-Dest: document
  Sec-Fetch-Mode: navigate
  Sec-Fetch-Site: none
  Sec-Fetch-User: ?1
  Priority: u=0, i
==================================================

==================================================
CLIENT ACCESS LOG - /image
==================================================
Timestamp: 2025-12-04T16:14:40.713318
IP Address: 127.0.0.1
User Agent: Mozilla/5.0 (X11; Linux x86_64; rv:145.0) Gecko/20100101 Firefox/145.0
Referer: http://localhost:5000/
Method: GET
Full Path: /image?

All Headers:
  Host: localhost:5000
  User-Agent: Mozilla/5.0 (X11; Linux x86_64; rv:145.0) Gecko/20100101 Firefox/145.0
  Accept: image/avif,image/webp,image/png,image/svg+xml,image/*;q=0.8,*/*;q=0.5
  Accept-Language: en-US,en;q=0.5
  Accept-Encoding: gzip, deflate, br, zstd
  Sec-Gpc: 1
  Connection: keep-alive
  Referer: http://localhost:5000/
  Cookie: __stripe_mid=cf4e9cc3-b616-43f4-8fa5-f21af61999d035b4b6; apt.uid=AP-YFGMCGUNNIFB-2-1743429423715-24578262.0.2.6b933aba-006b-4c12-b4b5-a0ddc2adfcf4; admin_auth=eyJpdiI6IklidEwxditpMGRsSWVjK2dkM3haZ0E9PSIsInZhbHVlIjoieTJ2SHFxY1BwYVUxZnF5Tzhib0M2cFRrbWVBdkNUWFBGc3VzUFBPMDB3ZzA4K01sSmx0cm1rUUNaYjhMRUplbTFhcFpWcjVzUFUzcWtJckN0Wm1YcHByQVVmaFRkb2lNdmF3UVplRFdIbEpmcWxuUjlCRTJyd3lhZUNHUjNaZXIiLCJtYWMiOiIxNTVhMjg2NWJlZmMyODI1ZDAwMmRmMTliNjkwMjg3MWY2Yzc0YTYzMWQxMWMzZmY0Y2Q2ZGYxZDU5MDIwODkxIn0%3D
  Sec-Fetch-Dest: image
  Sec-Fetch-Mode: no-cors
  Sec-Fetch-Site: same-origin
  Priority: u=4, i
==================================================

==================================================
CLIENT ACCESS LOG - /
==================================================
Timestamp: 2025-12-04T16:24:26.875421
IP Address: 127.0.0.1
User Agent: Mozilla/5.0 (X11; Linux x86_64; rv:145.0) Gecko/20100101 Firefox/145.0
Referer: None
Method: GET
Full Path: /?

All Headers:
  Host: bc95529eb0ad.ngrok-free.app
  User-Agent: Mozilla/5.0 (X11; Linux x86_64; rv:145.0) Gecko/20100101 Firefox/145.0
  Accept: text/html,application/xhtml+xml,application/xml;q=0.9,*/*;q=0.8
  Accept-Encoding: gzip, deflate, br, zstd
  Accept-Language: en-US,en;q=0.5
  Cookie: abuse_interstitial=bc95529eb0ad.ngrok-free.app
  Priority: u=0, i
  Sec-Fetch-Dest: document
  Sec-Fetch-Mode: navigate
  Sec-Fetch-Site: none
  Sec-Fetch-User: ?1
  Sec-Gpc: 1
  Te: trailers
  Upgrade-Insecure-Requests: 1
  X-Forwarded-For: 163.5.3.68
  X-Forwarded-Host: bc95529eb0ad.ngrok-free.app
  X-Forwarded-Proto: https
==================================================

==================================================
CLIENT ACCESS LOG - /image
==================================================
Timestamp: 2025-12-04T16:24:26.954477
IP Address: 127.0.0.1
User Agent: Mozilla/5.0 (X11; Linux x86_64; rv:145.0) Gecko/20100101 Firefox/145.0
Referer: https://bc95529eb0ad.ngrok-free.app/
Method: GET
Full Path: /image?

All Headers:
  Host: bc95529eb0ad.ngrok-free.app
  User-Agent: Mozilla/5.0 (X11; Linux x86_64; rv:145.0) Gecko/20100101 Firefox/145.0
  Accept: image/avif,image/webp,image/png,image/svg+xml,image/*;q=0.8,*/*;q=0.5
  Accept-Encoding: gzip, deflate, br, zstd
  Accept-Language: en-US,en;q=0.5
  Cookie: abuse_interstitial=bc95529eb0ad.ngrok-free.app
  Priority: u=4, i
  Referer: https://bc95529eb0ad.ngrok-free.app/
  Sec-Fetch-Dest: image
  Sec-Fetch-Mode: no-cors
  Sec-Fetch-Site: same-origin
  Sec-Gpc: 1
  Te: trailers
  X-Forwarded-For: 163.5.3.68
  X-Forwarded-Host: bc95529eb0ad.ngrok-free.app
  X-Forwarded-Proto: https
==================================================

==================================================
CLIENT ACCESS LOG - /
==================================================
Timestamp: 2025-12-04T16:24:39.206055
IP Address: 127.0.0.1
User Agent: Mozilla/5.0 (X11; Linux x86_64; rv:145.0) Gecko/20100101 Firefox/145.0
Referer: None
Method: GET
Full Path: /?

All Headers:
  Host: bc95529eb0ad.ngrok-free.app
  User-Agent: Mozilla/5.0 (X11; Linux x86_64; rv:145.0) Gecko/20100101 Firefox/145.0
  Accept: text/html,application/xhtml+xml,application/xml;q=0.9,*/*;q=0.8
  Accept-Encoding: gzip, deflate, br, zstd
  Accept-Language: en-US,en;q=0.5
  Cookie: abuse_interstitial=bc95529eb0ad.ngrok-free.app
  Priority: u=0, i
  Sec-Fetch-Dest: document
  Sec-Fetch-Mode: navigate
  Sec-Fetch-Site: none
  Sec-Fetch-User: ?1
  Sec-Gpc: 1
  Te: trailers
  Upgrade-Insecure-Requests: 1
  X-Forwarded-For: 163.5.3.68
  X-Forwarded-Host: bc95529eb0ad.ngrok-free.app
  X-Forwarded-Proto: https
==================================================

==================================================
CLIENT ACCESS LOG - /image
==================================================
Timestamp: 2025-12-04T16:24:39.317278
IP Address: 127.0.0.1
User Agent: Mozilla/5.0 (X11; Linux x86_64; rv:145.0) Gecko/20100101 Firefox/145.0
Referer: https://bc95529eb0ad.ngrok-free.app/
Method: GET
Full Path: /image?

All Headers:
  Host: bc95529eb0ad.ngrok-free.app
  User-Agent: Mozilla/5.0 (X11; Linux x86_64; rv:145.0) Gecko/20100101 Firefox/145.0
  Accept: image/avif,image/webp,image/png,image/svg+xml,image/*;q=0.8,*/*;q=0.5
  Accept-Encoding: gzip, deflate, br, zstd
  Accept-Language: en-US,en;q=0.5
  Cookie: abuse_interstitial=bc95529eb0ad.ngrok-free.app
  If-Modified-Since: Thu, 04 Dec 2025 14:21:18 GMT
  If-None-Match: "1764858078.440504-3990-834213987"
  Priority: u=5
  Referer: https://bc95529eb0ad.ngrok-free.app/
  Sec-Fetch-Dest: image
  Sec-Fetch-Mode: no-cors
  Sec-Fetch-Site: same-origin
  Sec-Gpc: 1
  Te: trailers
  X-Forwarded-For: 163.5.3.68
  X-Forwarded-Host: bc95529eb0ad.ngrok-free.app
  X-Forwarded-Proto: https
==================================================

==================================================
CLIENT ACCESS LOG - /
==================================================
Timestamp: 2025-12-04T16:30:36.715904
IP Address: 127.0.0.1
User Agent: Mozilla/5.0 (X11; Linux x86_64; rv:145.0) Gecko/20100101 Firefox/145.0
Referer: None
Method: GET
Full Path: /?

All Headers:
  Host: b4e617f97602.ngrok-free.app
  User-Agent: Mozilla/5.0 (X11; Linux x86_64; rv:145.0) Gecko/20100101 Firefox/145.0
  Accept: text/html,application/xhtml+xml,application/xml;q=0.9,*/*;q=0.8
  Accept-Encoding: gzip, deflate, br, zstd
  Accept-Language: en-US,en;q=0.5
  Cookie: abuse_interstitial=b4e617f97602.ngrok-free.app
  Priority: u=0, i
  Sec-Fetch-Dest: document
  Sec-Fetch-Mode: navigate
  Sec-Fetch-Site: none
  Sec-Fetch-User: ?1
  Sec-Gpc: 1
  Te: trailers
  Upgrade-Insecure-Requests: 1
  X-Forwarded-For: 163.5.3.68
  X-Forwarded-Host: b4e617f97602.ngrok-free.app
  X-Forwarded-Proto: https
==================================================

==================================================
CLIENT ACCESS LOG - /image
==================================================
Timestamp: 2025-12-04T16:30:36.781699
IP Address: 127.0.0.1
User Agent: Mozilla/5.0 (X11; Linux x86_64; rv:145.0) Gecko/20100101 Firefox/145.0
Referer: https://b4e617f97602.ngrok-free.app/
Method: GET
Full Path: /image?

All Headers:
  Host: b4e617f97602.ngrok-free.app
  User-Agent: Mozilla/5.0 (X11; Linux x86_64; rv:145.0) Gecko/20100101 Firefox/145.0
  Accept: image/avif,image/webp,image/png,image/svg+xml,image/*;q=0.8,*/*;q=0.5
  Accept-Encoding: gzip, deflate, br, zstd
  Accept-Language: en-US,en;q=0.5
  Cookie: abuse_interstitial=b4e617f97602.ngrok-free.app
  Priority: u=4, i
  Referer: https://b4e617f97602.ngrok-free.app/
  Sec-Fetch-Dest: image
  Sec-Fetch-Mode: no-cors
  Sec-Fetch-Site: same-origin
  Sec-Gpc: 1
  Te: trailers
  X-Forwarded-For: 163.5.3.68
  X-Forwarded-Host: b4e617f97602.ngrok-free.app
  X-Forwarded-Proto: https
==================================================

==================================================
CLIENT ACCESS LOG - /
==================================================
Timestamp: 2025-12-04T16:30:43.926107
IP Address: 127.0.0.1
User Agent: Mozilla/5.0 (X11; Linux x86_64; rv:145.0) Gecko/20100101 Firefox/145.0
Referer: None
Method: GET
Full Path: /?

All Headers:
  Host: localhost:5000
  User-Agent: Mozilla/5.0 (X11; Linux x86_64; rv:145.0) Gecko/20100101 Firefox/145.0
  Accept: text/html,application/xhtml+xml,application/xml;q=0.9,*/*;q=0.8
  Accept-Language: en-US,en;q=0.5
  Accept-Encoding: gzip, deflate, br, zstd
  Sec-Gpc: 1
  Connection: keep-alive
  Cookie: __stripe_mid=cf4e9cc3-b616-43f4-8fa5-f21af61999d035b4b6; apt.uid=AP-YFGMCGUNNIFB-2-1743429423715-24578262.0.2.6b933aba-006b-4c12-b4b5-a0ddc2adfcf4; admin_auth=eyJpdiI6IklidEwxditpMGRsSWVjK2dkM3haZ0E9PSIsInZhbHVlIjoieTJ2SHFxY1BwYVUxZnF5Tzhib0M2cFRrbWVBdkNUWFBGc3VzUFBPMDB3ZzA4K01sSmx0cm1rUUNaYjhMRUplbTFhcFpWcjVzUFUzcWtJckN0Wm1YcHByQVVmaFRkb2lNdmF3UVplRFdIbEpmcWxuUjlCRTJyd3lhZUNHUjNaZXIiLCJtYWMiOiIxNTVhMjg2NWJlZmMyODI1ZDAwMmRmMTliNjkwMjg3MWY2Yzc0YTYzMWQxMWMzZmY0Y2Q2ZGYxZDU5MDIwODkxIn0%3D
  Upgrade-Insecure-Requests: 1
  Sec-Fetch-Dest: document
  Sec-Fetch-Mode: navigate
  Sec-Fetch-Site: none
  Sec-Fetch-User: ?1
  Priority: u=0, i
==================================================

==================================================
CLIENT ACCESS LOG - /image
==================================================
Timestamp: 2025-12-04T16:30:43.961661
IP Address: 127.0.0.1
User Agent: Mozilla/5.0 (X11; Linux x86_64; rv:145.0) Gecko/20100101 Firefox/145.0
Referer: http://localhost:5000/
Method: GET
Full Path: /image?

All Headers:
  Host: localhost:5000
  User-Agent: Mozilla/5.0 (X11; Linux x86_64; rv:145.0) Gecko/20100101 Firefox/145.0
  Accept: image/avif,image/webp,image/png,image/svg+xml,image/*;q=0.8,*/*;q=0.5
  Accept-Language: en-US,en;q=0.5
  Accept-Encoding: gzip, deflate, br, zstd
  Sec-Gpc: 1
  Connection: keep-alive
  Referer: http://localhost:5000/
  Cookie: __stripe_mid=cf4e9cc3-b616-43f4-8fa5-f21af61999d035b4b6; apt.uid=AP-YFGMCGUNNIFB-2-1743429423715-24578262.0.2.6b933aba-006b-4c12-b4b5-a0ddc2adfcf4; admin_auth=eyJpdiI6IklidEwxditpMGRsSWVjK2dkM3haZ0E9PSIsInZhbHVlIjoieTJ2SHFxY1BwYVUxZnF5Tzhib0M2cFRrbWVBdkNUWFBGc3VzUFBPMDB3ZzA4K01sSmx0cm1rUUNaYjhMRUplbTFhcFpWcjVzUFUzcWtJckN0Wm1YcHByQVVmaFRkb2lNdmF3UVplRFdIbEpmcWxuUjlCRTJyd3lhZUNHUjNaZXIiLCJtYWMiOiIxNTVhMjg2NWJlZmMyODI1ZDAwMmRmMTliNjkwMjg3MWY2Yzc0YTYzMWQxMWMzZmY0Y2Q2ZGYxZDU5MDIwODkxIn0%3D
  Sec-Fetch-Dest: image
  Sec-Fetch-Mode: no-cors
  Sec-Fetch-Site: same-origin
  If-Modified-Since: Thu, 04 Dec 2025 14:21:18 GMT
  If-None-Match: "1764858078.440504-3990-834213987"
  Priority: u=4, i
==================================================

==================================================
CLIENT ACCESS LOG - /
==================================================
Timestamp: 2025-12-04T16:30:58.613142
IP Address: 127.0.0.1
User Agent: Mozilla/5.0 (X11; Linux x86_64; rv:145.0) Gecko/20100101 Firefox/145.0
Referer: None
Method: GET
Full Path: /?

All Headers:
  Host: localhost:5000
  User-Agent: Mozilla/5.0 (X11; Linux x86_64; rv:145.0) Gecko/20100101 Firefox/145.0
  Accept: text/html,application/xhtml+xml,application/xml;q=0.9,*/*;q=0.8
  Accept-Language: en-US,en;q=0.5
  Accept-Encoding: gzip, deflate, br, zstd
  Sec-Gpc: 1
  Connection: keep-alive
  Cookie: __stripe_mid=cf4e9cc3-b616-43f4-8fa5-f21af61999d035b4b6; apt.uid=AP-YFGMCGUNNIFB-2-1743429423715-24578262.0.2.6b933aba-006b-4c12-b4b5-a0ddc2adfcf4; admin_auth=eyJpdiI6IklidEwxditpMGRsSWVjK2dkM3haZ0E9PSIsInZhbHVlIjoieTJ2SHFxY1BwYVUxZnF5Tzhib0M2cFRrbWVBdkNUWFBGc3VzUFBPMDB3ZzA4K01sSmx0cm1rUUNaYjhMRUplbTFhcFpWcjVzUFUzcWtJckN0Wm1YcHByQVVmaFRkb2lNdmF3UVplRFdIbEpmcWxuUjlCRTJyd3lhZUNHUjNaZXIiLCJtYWMiOiIxNTVhMjg2NWJlZmMyODI1ZDAwMmRmMTliNjkwMjg3MWY2Yzc0YTYzMWQxMWMzZmY0Y2Q2ZGYxZDU5MDIwODkxIn0%3D
  Upgrade-Insecure-Requests: 1
  Sec-Fetch-Dest: document
  Sec-Fetch-Mode: navigate
  Sec-Fetch-Site: none
  Sec-Fetch-User: ?1
  Priority: u=0, i
==================================================

==================================================
CLIENT ACCESS LOG - /image
==================================================
Timestamp: 2025-12-04T16:30:58.635396
IP Address: 127.0.0.1
User Agent: Mozilla/5.0 (X11; Linux x86_64; rv:145.0) Gecko/20100101 Firefox/145.0
Referer: http://localhost:5000/
Method: GET
Full Path: /image?

All Headers:
  Host: localhost:5000
  User-Agent: Mozilla/5.0 (X11; Linux x86_64; rv:145.0) Gecko/20100101 Firefox/145.0
  Accept: image/avif,image/webp,image/png,image/svg+xml,image/*;q=0.8,*/*;q=0.5
  Accept-Language: en-US,en;q=0.5
  Accept-Encoding: gzip, deflate, br, zstd
  Sec-Gpc: 1
  Connection: keep-alive
  Referer: http://localhost:5000/
  Cookie: __stripe_mid=cf4e9cc3-b616-43f4-8fa5-f21af61999d035b4b6; apt.uid=AP-YFGMCGUNNIFB-2-1743429423715-24578262.0.2.6b933aba-006b-4c12-b4b5-a0ddc2adfcf4; admin_auth=eyJpdiI6IklidEwxditpMGRsSWVjK2dkM3haZ0E9PSIsInZhbHVlIjoieTJ2SHFxY1BwYVUxZnF5Tzhib0M2cFRrbWVBdkNUWFBGc3VzUFBPMDB3ZzA4K01sSmx0cm1rUUNaYjhMRUplbTFhcFpWcjVzUFUzcWtJckN0Wm1YcHByQVVmaFRkb2lNdmF3UVplRFdIbEpmcWxuUjlCRTJyd3lhZUNHUjNaZXIiLCJtYWMiOiIxNTVhMjg2NWJlZmMyODI1ZDAwMmRmMTliNjkwMjg3MWY2Yzc0YTYzMWQxMWMzZmY0Y2Q2ZGYxZDU5MDIwODkxIn0%3D
  Sec-Fetch-Dest: image
  Sec-Fetch-Mode: no-cors
  Sec-Fetch-Site: same-origin
  If-Modified-Since: Thu, 04 Dec 2025 14:21:18 GMT
  If-None-Match: "1764858078.440504-3990-834213987"
  Priority: u=5, i
==================================================

==================================================
CLIENT ACCESS LOG - /
==================================================
Timestamp: 2025-12-04T16:32:16.899846
IP Address: 127.0.0.1
User Agent: Mozilla/5.0 (X11; Linux x86_64; rv:145.0) Gecko/20100101 Firefox/145.0
Referer: None
Method: GET
Full Path: /?

All Headers:
  Host: b4e617f97602.ngrok-free.app
  User-Agent: Mozilla/5.0 (X11; Linux x86_64; rv:145.0) Gecko/20100101 Firefox/145.0
  Accept: text/html,application/xhtml+xml,application/xml;q=0.9,*/*;q=0.8
  Accept-Encoding: gzip, deflate, br, zstd
  Accept-Language: en-US,en;q=0.5
  Cookie: abuse_interstitial=b4e617f97602.ngrok-free.app
  Priority: u=0, i
  Sec-Fetch-Dest: document
  Sec-Fetch-Mode: navigate
  Sec-Fetch-Site: none
  Sec-Fetch-User: ?1
  Sec-Gpc: 1
  Te: trailers
  Upgrade-Insecure-Requests: 1
  X-Forwarded-For: 163.5.3.68
  X-Forwarded-Host: b4e617f97602.ngrok-free.app
  X-Forwarded-Proto: https
==================================================

==================================================
CLIENT ACCESS LOG - /image
==================================================
Timestamp: 2025-12-04T16:32:16.965694
IP Address: 127.0.0.1
User Agent: Mozilla/5.0 (X11; Linux x86_64; rv:145.0) Gecko/20100101 Firefox/145.0
Referer: https://b4e617f97602.ngrok-free.app/
Method: GET
Full Path: /image?

All Headers:
  Host: b4e617f97602.ngrok-free.app
  User-Agent: Mozilla/5.0 (X11; Linux x86_64; rv:145.0) Gecko/20100101 Firefox/145.0
  Accept: image/avif,image/webp,image/png,image/svg+xml,image/*;q=0.8,*/*;q=0.5
  Accept-Encoding: gzip, deflate, br, zstd
  Accept-Language: en-US,en;q=0.5
  Cookie: abuse_interstitial=b4e617f97602.ngrok-free.app
  If-Modified-Since: Thu, 04 Dec 2025 14:21:18 GMT
  If-None-Match: "1764858078.440504-3990-834213987"
  Priority: u=5, i
  Referer: https://b4e617f97602.ngrok-free.app/
  Sec-Fetch-Dest: image
  Sec-Fetch-Mode: no-cors
  Sec-Fetch-Site: same-origin
  Sec-Gpc: 1
  Te: trailers
  X-Forwarded-For: 163.5.3.68
  X-Forwarded-Host: b4e617f97602.ngrok-free.app
  X-Forwarded-Proto: https
==================================================

==================================================
CLIENT ACCESS LOG - /
==================================================
Timestamp: 2025-12-04T16:36:08.124147
Public IP: 163.5.3.68
Remote Addr: 127.0.0.1
User Agent: Mozilla/5.0 (X11; Linux x86_64; rv:145.0) Gecko/20100101 Firefox/145.0
Referer: None
Method: GET
Full Path: /?

All Headers:
  Host: 9b65fcc3c439.ngrok-free.app
  User-Agent: Mozilla/5.0 (X11; Linux x86_64; rv:145.0) Gecko/20100101 Firefox/145.0
  Accept: text/html,application/xhtml+xml,application/xml;q=0.9,*/*;q=0.8
  Accept-Encoding: gzip, deflate, br, zstd
  Accept-Language: en-US,en;q=0.5
  Cookie: abuse_interstitial=9b65fcc3c439.ngrok-free.app
  Priority: u=0, i
  Sec-Fetch-Dest: document
  Sec-Fetch-Mode: navigate
  Sec-Fetch-Site: none
  Sec-Fetch-User: ?1
  Sec-Gpc: 1
  Te: trailers
  Upgrade-Insecure-Requests: 1
  X-Forwarded-For: 163.5.3.68
  X-Forwarded-Host: 9b65fcc3c439.ngrok-free.app
  X-Forwarded-Proto: https
==================================================

==================================================
CLIENT ACCESS LOG - /image
==================================================
Timestamp: 2025-12-04T16:36:08.183988
Public IP: 163.5.3.68
Remote Addr: 127.0.0.1
User Agent: Mozilla/5.0 (X11; Linux x86_64; rv:145.0) Gecko/20100101 Firefox/145.0
Referer: https://9b65fcc3c439.ngrok-free.app/
Method: GET
Full Path: /image?

All Headers:
  Host: 9b65fcc3c439.ngrok-free.app
  User-Agent: Mozilla/5.0 (X11; Linux x86_64; rv:145.0) Gecko/20100101 Firefox/145.0
  Accept: image/avif,image/webp,image/png,image/svg+xml,image/*;q=0.8,*/*;q=0.5
  Accept-Encoding: gzip, deflate, br, zstd
  Accept-Language: en-US,en;q=0.5
  Cookie: abuse_interstitial=9b65fcc3c439.ngrok-free.app
  Priority: u=4, i
  Referer: https://9b65fcc3c439.ngrok-free.app/
  Sec-Fetch-Dest: image
  Sec-Fetch-Mode: no-cors
  Sec-Fetch-Site: same-origin
  Sec-Gpc: 1
  Te: trailers
  X-Forwarded-For: 163.5.3.68
  X-Forwarded-Host: 9b65fcc3c439.ngrok-free.app
  X-Forwarded-Proto: https
==================================================
